<?xml version="1.0" encoding="UTF-8"?>
<!-- Generated by org.testng.reporters.JUnitXMLReporter -->
<testsuite ignored="2" hostname="IN-PG0342V7" failures="0" tests="8" name="Surefire test" time="6.639" errors="0" timestamp="2024-12-19T13:12:58 IST">
  <testcase classname="Tests.TestDataFile" name="@BeforeClass setUp" time="0.001">
    <failure type="java.lang.NullPointerException" message="Cannot invoke &amp;quot;java.util.Properties.getProperty(String)&amp;quot; because &amp;quot;this.prop&amp;quot; is null">
      <![CDATA[java.lang.NullPointerException: Cannot invoke "java.util.Properties.getProperty(String)" because "this.prop" is null
at Tests.TestDataFile.setUp(TestDataFile.java:34)
at java.base/java.util.ArrayList.forEach(ArrayList.java:1596)
... Removed 28 stack frames]]>
    </failure>
  </testcase> <!-- @BeforeClass setUp -->
  <testcase classname="com.results.allure.TestResult" name="testLoginWithValidCredentials" time="0.621"/>
  <testcase classname="com.results.allure.TestResult" name="testLoginWithInValidUsername" time="0.325"/>
  <testcase classname="com.results.allure.TestResult" name="testLoginWithInValidPassword" time="0.288"/>
  <testcase classname="com.results.allure.TestResult" name="testLoginWithInValidCredentials" time="0.239"/>
  <testcase classname="Tests.TestDataFile" name="LoginTestWithValidCredentials" time="0.0">
    <skipped/>
  </testcase> <!-- LoginTestWithValidCredentials -->
  <testcase classname="Tests.TestDataFile" name="LoginTestWithValidCredentials" time="0.0">
    <skipped/>
  </testcase> <!-- LoginTestWithValidCredentials -->
  <testcase classname="Tests.TestDataFile" name="LoginTestWithValidCredentials" time="0.0">
    <skipped/>
  </testcase> <!-- LoginTestWithValidCredentials -->
  <testcase classname="Tests.TestDataFile" name="LoginTestWithValidCredentials" time="0.0">
    <skipped/>
  </testcase> <!-- LoginTestWithValidCredentials -->
  <testcase classname="Base.BaseTest" name="@AfterSuite quit" time="0.0">
    <ignored/>
  </testcase> <!-- @AfterSuite quit -->
  <testcase classname="Base.BaseTest" name="@BeforeSuite launchApp" time="0.0">
    <ignored/>
  </testcase> <!-- @BeforeSuite launchApp -->
</testsuite> <!-- Surefire test -->
