<?xml version="1.0" encoding="UTF-8"?>
<!-- Generated by org.testng.reporters.JUnitXMLReporter -->
<testsuite ignored="0" hostname="IN-PG0342V7" failures="0" tests="3" name="Test" time="19.702" errors="0" timestamp="2024-12-19T13:49:56 IST">
  <testcase classname="utilities.ExtentTestReports" name="LoginTestWithValidCredentials" time="1.656"/>
  <testcase classname="utilities.ExtentTestReports" name="Orderplacement" time="5.483"/>
  <testcase classname="utilities.ExtentTestReports" name="captureScreenshot" time="0.165"/>
</testsuite> <!-- Test -->
