<?xml version="1.0" encoding="UTF-8"?>
<testng-results ignored="0" total="3" passed="3" failed="0" skipped="0">
  <reporter-output>
  </reporter-output>
  <suite started-at="2024-12-19T13:49:36 IST" name="Suite" finished-at="2024-12-19T13:49:55 IST" duration-ms="19702">
    <groups>
    </groups>
    <test started-at="2024-12-19T13:49:36 IST" name="Test" finished-at="2024-12-19T13:49:55 IST" duration-ms="19702">
      <class name="utilities.ExtentTestReports">
        <test-method is-config="true" signature="launchApp()[pri:0, instance:utilities.ExtentTestReports@30f842ca]" started-at="2024-12-19T13:49:36 IST" name="launchApp" finished-at="2024-12-19T13:49:36 IST" duration-ms="25" status="PASS">
          <reporter-output>
          </reporter-output>
        </test-method> <!-- launchApp -->
        <test-method is-config="true" signature="startTest()[pri:0, instance:utilities.ExtentTestReports@30f842ca]" started-at="2024-12-19T13:49:36 IST" name="startTest" finished-at="2024-12-19T13:49:40 IST" duration-ms="4033" status="PASS">
          <reporter-output>
          </reporter-output>
        </test-method> <!-- startTest -->
        <test-method signature="LoginTestWithValidCredentials()[pri:1, instance:utilities.ExtentTestReports@30f842ca]" started-at="2024-12-19T13:49:40 IST" name="LoginTestWithValidCredentials" finished-at="2024-12-19T13:49:42 IST" duration-ms="1656" status="PASS">
          <reporter-output>
          </reporter-output>
        </test-method> <!-- LoginTestWithValidCredentials -->
        <test-method is-config="true" signature="getResult(org.testng.ITestResult)[pri:0, instance:utilities.ExtentTestReports@30f842ca]" started-at="2024-12-19T13:49:42 IST" name="getResult" finished-at="2024-12-19T13:49:42 IST" duration-ms="172" status="PASS">
          <params>
            <param index="0">
              <value>
                <![CDATA[[TestResult name=LoginTestWithValidCredentials status=SUCCESS method=ExtentTestReports.LoginTestWithValidCredentials()[pri:1, instance:utilities.ExtentTestReports@30f842ca] output={null}]]]>
              </value>
            </param>
          </params>
          <reporter-output>
          </reporter-output>
        </test-method> <!-- getResult -->
        <test-method is-config="true" signature="startTest()[pri:0, instance:utilities.ExtentTestReports@30f842ca]" started-at="2024-12-19T13:49:42 IST" name="startTest" finished-at="2024-12-19T13:49:46 IST" duration-ms="3902" status="PASS">
          <reporter-output>
          </reporter-output>
        </test-method> <!-- startTest -->
        <test-method signature="Orderplacement()[pri:2, instance:utilities.ExtentTestReports@30f842ca]" started-at="2024-12-19T13:49:46 IST" name="Orderplacement" finished-at="2024-12-19T13:49:51 IST" duration-ms="5483" status="PASS">
          <reporter-output>
          </reporter-output>
        </test-method> <!-- Orderplacement -->
        <test-method is-config="true" signature="getResult(org.testng.ITestResult)[pri:0, instance:utilities.ExtentTestReports@30f842ca]" started-at="2024-12-19T13:49:51 IST" name="getResult" finished-at="2024-12-19T13:49:51 IST" duration-ms="156" status="PASS">
          <params>
            <param index="0">
              <value>
                <![CDATA[[TestResult name=Orderplacement status=SUCCESS method=ExtentTestReports.Orderplacement()[pri:2, instance:utilities.ExtentTestReports@30f842ca] output={null}]]]>
              </value>
            </param>
          </params>
          <reporter-output>
          </reporter-output>
        </test-method> <!-- getResult -->
        <test-method is-config="true" signature="startTest()[pri:0, instance:utilities.ExtentTestReports@30f842ca]" started-at="2024-12-19T13:49:51 IST" name="startTest" finished-at="2024-12-19T13:49:55 IST" duration-ms="3439" status="PASS">
          <reporter-output>
          </reporter-output>
        </test-method> <!-- startTest -->
        <test-method signature="captureScreenshot()[pri:3, instance:utilities.ExtentTestReports@30f842ca]" started-at="2024-12-19T13:49:55 IST" name="captureScreenshot" finished-at="2024-12-19T13:49:55 IST" duration-ms="165" status="PASS">
          <reporter-output>
          </reporter-output>
        </test-method> <!-- captureScreenshot -->
        <test-method is-config="true" signature="getResult(org.testng.ITestResult)[pri:0, instance:utilities.ExtentTestReports@30f842ca]" started-at="2024-12-19T13:49:55 IST" name="getResult" finished-at="2024-12-19T13:49:55 IST" duration-ms="134" status="PASS">
          <params>
            <param index="0">
              <value>
                <![CDATA[[TestResult name=captureScreenshot status=SUCCESS method=ExtentTestReports.captureScreenshot()[pri:3, instance:utilities.ExtentTestReports@30f842ca] output={null}]]]>
              </value>
            </param>
          </params>
          <reporter-output>
          </reporter-output>
        </test-method> <!-- getResult -->
        <test-method is-config="true" signature="endTest()[pri:0, instance:utilities.ExtentTestReports@30f842ca]" started-at="2024-12-19T13:49:55 IST" name="endTest" finished-at="2024-12-19T13:49:55 IST" duration-ms="453" status="PASS">
          <reporter-output>
          </reporter-output>
        </test-method> <!-- endTest -->
        <test-method is-config="true" signature="quit()[pri:0, instance:utilities.ExtentTestReports@30f842ca]" started-at="2024-12-19T13:49:56 IST" name="quit" finished-at="2024-12-19T13:49:56 IST" duration-ms="144" status="PASS">
          <reporter-output>
          </reporter-output>
        </test-method> <!-- quit -->
      </class> <!-- utilities.ExtentTestReports -->
    </test> <!-- Test -->
  </suite> <!-- Suite -->
</testng-results>
